<?xml version="1.0" encoding="UTF-8"?>
<!-- Generated by org.testng.reporters.JUnitReportReporter -->
<testsuite hostname="DESKTOP-N8E20KA" failures="0" tests="1" name="testCases.TC001" time="33.394" errors="0" timestamp="2024-05-05T15:26:40 SAST" skipped="0">
  <testcase classname="testCases.TC001" name="checkoutTest" time="33.394"/>
</testsuite> <!-- testCases.TC001 -->
