<?xml version="1.0" encoding="UTF-8"?>
<!-- Generated by org.testng.reporters.JUnitReportReporter -->
<testsuite hostname="DESKTOP-N8E20KA" failures="0" tests="1" name="testCases.TC002" time="2.775" errors="0" timestamp="2024-04-30T10:34:11 SAST" skipped="0">
  <testcase classname="testCases.TC002" name="RestAPITest" time="2.775"/>
</testsuite> <!-- testCases.TC002 -->
